2025-10-04 21:48:06,406 - INFO - Начало движения
2025-10-04 21:48:08,981 - INFO - Пауза анимации
2025-10-04 21:48:10,310 - INFO - Стоп анимации
2025-10-04 21:51:43,339 - INFO - Начало движения
2025-10-04 21:51:46,661 - INFO - Начало движения
2025-10-04 21:52:23,059 - INFO - Начало движения
2025-10-04 21:52:25,537 - INFO - Пауза анимации
2025-10-04 21:52:27,157 - INFO - Начало движения
2025-10-04 21:52:28,971 - INFO - Пауза анимации
2025-10-04 21:52:30,069 - INFO - Стоп анимации
2025-10-04 22:06:19,335 - INFO - Начало движения
2025-10-04 22:06:20,537 - INFO - Пауза анимации
2025-10-04 22:06:21,839 - INFO - Начало движения
2025-10-04 22:40:50,033 - INFO - Начало движения
2025-10-04 22:41:33,130 - INFO - Цель достигнута!
2025-10-04 22:48:56,408 - INFO - Начало движения
2025-10-04 23:18:20,242 - INFO - Начало движения
2025-10-04 23:18:46,119 - INFO - Столкновение с препятствием!
2025-10-04 23:24:39,607 - INFO - Начало движения
2025-10-04 23:24:40,369 - INFO - Столкновение с препятствием!
2025-10-04 23:24:50,687 - INFO - Начало движения
2025-10-04 23:25:03,777 - INFO - Столкновение с препятствием!
2025-10-06 20:05:38,877 - INFO - Начало движения
2025-10-06 20:06:06,148 - INFO - Столкновение с препятствием!
2025-11-08 19:34:04,164 - INFO - Начало движения
2025-11-08 19:38:42,309 - INFO - Начало движения
